[1007/014354.881:INFO:CONSOLE(115)] "Event handler of 'x-storagemutated-1' event must be added on the initial evaluation of worker script.", source: https://static.whatsapp.net/rsrc.php/v4/yz/r/eHwmWk2ScGV.js (115)
[1007/014355.731:INFO:CONSOLE(0)] "Error with Permissions-Policy header: Feature xr-spatial-tracking's parameters are ignored.", source:  (0)
[1007/014355.731:INFO:CONSOLE(0)] "Error with Permissions-Policy header: Origin trial controlled feature not enabled: 'attribution-reporting'.", source:  (0)
[1007/014355.731:INFO:CONSOLE(0)] "Error with Permissions-Policy header: Unrecognized feature: 'compute-pressure'.", source:  (0)
[1007/014355.731:INFO:CONSOLE(0)] "Error with Permissions-Policy header: Origin trial controlled feature not enabled: 'interest-cohort'.", source:  (0)
[1007/014355.731:INFO:CONSOLE(0)] "Error with Permissions-Policy header: Unrecognized feature: 'private-state-token-issuance'.", source:  (0)
[1007/014355.731:INFO:CONSOLE(0)] "Error with Permissions-Policy header: Origin trial controlled feature not enabled: 'shared-storage'.", source:  (0)
[1007/014355.731:INFO:CONSOLE(0)] "Error with Permissions-Policy header: Unrecognized feature: 'shared-storage-select-url'.", source:  (0)
[1007/014355.731:INFO:CONSOLE(0)] "Error with Permissions-Policy header: Unrecognized feature: 'private-state-token-redemption'.", source:  (0)
[1007/014355.733:INFO:CONSOLE(0)] "Error with Permissions-Policy header: Unrecognized feature: 'unload'.", source:  (0)
[1007/014355.733:INFO:CONSOLE(0)] "Error with Permissions-Policy header: Unrecognized feature: 'window-management'.", source:  (0)
[1007/014355.733:INFO:CONSOLE(0)] "Document-Policy HTTP header: Unrecognized document policy feature name include-js-call-stacks-in-crash-reports.", source: https://web.whatsapp.com/ (0)
[1007/014455.389:INFO:CONSOLE(115)] "Event handler of 'x-storagemutated-1' event must be added on the initial evaluation of worker script.", source: https://static.whatsapp.net/rsrc.php/v4/yz/r/eHwmWk2ScGV.js (115)
[1007/014557.449:INFO:CONSOLE(115)] "Event handler of 'x-storagemutated-1' event must be added on the initial evaluation of worker script.", source: https://static.whatsapp.net/rsrc.php/v4/yz/r/eHwmWk2ScGV.js (115)
[1007/014600.176:INFO:CONSOLE(77)] "ErrorUtils caught an error:

Converting to a string will drop content data. Hash="undefined" Translation="{user_name} adicionou {names}" Content="Context not logged." (type=object,Object)

Subsequent non-fatal errors won't be logged; see https://fburl.com/debugjs. [object Object]", source: https://static.whatsapp.net/rsrc.php/v4/yy/r/w1h-ova-3IC.js (77)
[1007/014637.460:INFO:CONSOLE(0)] "Error with Permissions-Policy header: Feature xr-spatial-tracking's parameters are ignored.", source:  (0)
[1007/014637.460:INFO:CONSOLE(0)] "Error with Permissions-Policy header: Origin trial controlled feature not enabled: 'attribution-reporting'.", source:  (0)
[1007/014637.460:INFO:CONSOLE(0)] "Error with Permissions-Policy header: Unrecognized feature: 'compute-pressure'.", source:  (0)
[1007/014637.460:INFO:CONSOLE(0)] "Error with Permissions-Policy header: Origin trial controlled feature not enabled: 'interest-cohort'.", source:  (0)
[1007/014637.460:INFO:CONSOLE(0)] "Error with Permissions-Policy header: Unrecognized feature: 'private-state-token-issuance'.", source:  (0)
[1007/014637.460:INFO:CONSOLE(0)] "Error with Permissions-Policy header: Origin trial controlled feature not enabled: 'shared-storage'.", source:  (0)
[1007/014637.460:INFO:CONSOLE(0)] "Error with Permissions-Policy header: Unrecognized feature: 'shared-storage-select-url'.", source:  (0)
[1007/014637.460:INFO:CONSOLE(0)] "Error with Permissions-Policy header: Unrecognized feature: 'private-state-token-redemption'.", source:  (0)
[1007/014637.460:INFO:CONSOLE(0)] "Error with Permissions-Policy header: Unrecognized feature: 'unload'.", source:  (0)
[1007/014637.460:INFO:CONSOLE(0)] "Error with Permissions-Policy header: Unrecognized feature: 'window-management'.", source:  (0)
[1007/014637.466:INFO:CONSOLE(0)] "Document-Policy HTTP header: Unrecognized document policy feature name include-js-call-stacks-in-crash-reports.", source: https://web.whatsapp.com/ (0)
[1007/014745.062:INFO:CONSOLE(115)] "Event handler of 'x-storagemutated-1' event must be added on the initial evaluation of worker script.", source: https://static.whatsapp.net/rsrc.php/v4/yz/r/eHwmWk2ScGV.js (115)
[1007/014819.123:ERROR:cache_util_win.cc(20)] Unable to move the cache: Acesso negado. (0x5)
[1007/014819.126:ERROR:disk_cache.cc(205)] Unable to create cache
[1007/014819.126:ERROR:gpu_disk_cache.cc(673)] Gpu Cache Creation failed: -2
[1007/014819.126:ERROR:cache_util_win.cc(20)] Unable to move the cache: Acesso negado. (0x5)
[1007/014819.126:ERROR:disk_cache.cc(205)] Unable to create cache
[1007/014819.126:ERROR:gpu_disk_cache.cc(673)] Gpu Cache Creation failed: -2
[1007/014820.892:ERROR:cache_util_win.cc(20)] Unable to move the cache: Acesso negado. (0x5)
[1007/014820.892:ERROR:disk_cache.cc(205)] Unable to create cache
[1007/014821.846:ERROR:cache_util_win.cc(20)] Unable to move the cache: Acesso negado. (0x5)
[1007/014821.846:ERROR:disk_cache.cc(205)] Unable to create cache
[1007/014821.846:ERROR:gpu_disk_cache.cc(673)] Gpu Cache Creation failed: -2
[1007/014821.848:ERROR:cache_util_win.cc(20)] Unable to move the cache: Acesso negado. (0x5)
[1007/014821.848:ERROR:disk_cache.cc(205)] Unable to create cache
[1007/014821.848:ERROR:gpu_disk_cache.cc(673)] Gpu Cache Creation failed: -2
[1007/014821.906:ERROR:service_worker_storage.cc(1933)] Failed to delete the database: Database IO error
[1007/014821.918:INFO:CONSOLE(0)] "Error with Permissions-Policy header: Feature xr-spatial-tracking's parameters are ignored.", source:  (0)
[1007/014821.918:INFO:CONSOLE(0)] "Error with Permissions-Policy header: Origin trial controlled feature not enabled: 'attribution-reporting'.", source:  (0)
[1007/014821.918:INFO:CONSOLE(0)] "Error with Permissions-Policy header: Unrecognized feature: 'compute-pressure'.", source:  (0)
[1007/014821.918:INFO:CONSOLE(0)] "Error with Permissions-Policy header: Origin trial controlled feature not enabled: 'interest-cohort'.", source:  (0)
[1007/014821.918:INFO:CONSOLE(0)] "Error with Permissions-Policy header: Unrecognized feature: 'private-state-token-issuance'.", source:  (0)
[1007/014821.918:INFO:CONSOLE(0)] "Error with Permissions-Policy header: Origin trial controlled feature not enabled: 'shared-storage'.", source:  (0)
[1007/014821.918:INFO:CONSOLE(0)] "Error with Permissions-Policy header: Unrecognized feature: 'shared-storage-select-url'.", source:  (0)
[1007/014821.918:INFO:CONSOLE(0)] "Error with Permissions-Policy header: Unrecognized feature: 'private-state-token-redemption'.", source:  (0)
[1007/014821.918:INFO:CONSOLE(0)] "Error with Permissions-Policy header: Unrecognized feature: 'unload'.", source:  (0)
[1007/014821.918:INFO:CONSOLE(0)] "Error with Permissions-Policy header: Unrecognized feature: 'window-management'.", source:  (0)
[1007/014821.918:INFO:CONSOLE(0)] "Document-Policy HTTP header: Unrecognized document policy feature name include-js-call-stacks-in-crash-reports.", source: https://web.whatsapp.com/ (0)
[1007/014829.710:ERROR:quota_database.cc(929)] Could not open the quota database, resetting.
[1007/014834.602:ERROR:quota_database.cc(929)] Could not open the quota database, resetting.
[1007/014837.528:ERROR:quota_database.cc(931)] Failed to reset the quota database.
[1007/014837.528:ERROR:quota_database.cc(931)] Failed to reset the quota database.
[1007/015009.017:ERROR:gpu_process_host.cc(971)] GPU process exited unexpectedly: exit_code=1
[1007/015009.017:WARNING:gpu_process_host.cc(1273)] The GPU process has crashed 1 time(s)
